<?xml version="1.0" encoding="UTF-8"?>
<testsuite name="dam.SentimentAnalysisTest" tests="3" skipped="0" failures="0" errors="0" timestamp="2026-05-14T12:21:56" hostname="BLASHA" time="0.042">
  <properties/>
  <testcase name="extracts Gemini response text()" classname="dam.SentimentAnalysisTest" time="0.029"/>
  <testcase name="sentiment prompt asks for seven point JSON rating()" classname="dam.SentimentAnalysisTest" time="0.009"/>
  <testcase name="extracts OpenAI response text()" classname="dam.SentimentAnalysisTest" time="0.001"/>
  <system-out><![CDATA[]]></system-out>
  <system-err><![CDATA[]]></system-err>
</testsuite>
